2025-11-17 02:17:41,491 - INFO - YOLOv8è®­ç»ƒä»»åŠ¡å¼€å§‹
2025-11-17 02:17:41,491 - INFO - è®­ç»ƒä»»åŠ¡åç§°: 123456
2025-11-17 02:17:41,492 - INFO - ä½¿ç”¨è®¾å¤‡: cuda:0
2025-11-17 02:17:41,492 - INFO - é€‰æ‹©æ¨¡å‹: D:\My_project\yolov8-train-last\yolov8n.pt
2025-11-17 02:17:41,493 - INFO - å·²åˆ é™¤æ—§çš„æ ‡ç­¾ç¼“å­˜æ–‡ä»¶: D:\My_project\yolov8-train-last\dataset\train\labels.cache
2025-11-17 02:17:41,493 - INFO - å·²åˆ é™¤æ—§çš„æ ‡ç­¾ç¼“å­˜æ–‡ä»¶: D:\My_project\yolov8-train-last\dataset\valid\labels.cache
2025-11-17 02:17:41,496 - INFO - éªŒè¯ç¼“å­˜æ–‡ä»¶åˆ é™¤æƒ…å†µ:
2025-11-17 02:17:41,497 - INFO - ç¡®è®¤: ç¼“å­˜æ–‡ä»¶å·²åˆ é™¤ D:\My_project\yolov8-train-last\dataset\train\labels.cache
2025-11-17 02:17:41,499 - INFO - ç¡®è®¤: ç¼“å­˜æ–‡ä»¶å·²åˆ é™¤ D:\My_project\yolov8-train-last\dataset\valid\labels.cache
2025-11-17 02:17:41,500 - INFO - ç¡®è®¤: ç¼“å­˜æ–‡ä»¶å·²åˆ é™¤ D:\My_project\yolov8-train-last\dataset\test\labels.cache
2025-11-17 02:17:41,501 - INFO - æ­£åœ¨åŠ è½½YOLOæ¨¡å‹: D:\My_project\yolov8-train-last\yolov8n.pt
2025-11-17 02:17:41,554 - INFO - YOLOæ¨¡å‹åŠ è½½å®Œæˆ
2025-11-17 02:17:41,554 - INFO - æ¨¡å‹ç±»å‹: <class 'ultralytics.nn.tasks.DetectionModel'>
2025-11-17 02:17:41,555 - INFO - æ¨¡å‹è®¾å¤‡: cpu
2025-11-17 02:17:41,555 - INFO - æ¨¡å‹ç±»åˆ«æ•°: 80
2025-11-17 02:17:41,563 - INFO - å‚æ•° model.0.conv.weight: å½¢çŠ¶=torch.Size([16, 3, 3, 3]), å‡å€¼=-0.0028, æ ‡å‡†å·®=0.1523
2025-11-17 02:17:41,564 - INFO - å‚æ•° model.0.bn.weight: å½¢çŠ¶=torch.Size([16]), å‡å€¼=2.9722, æ ‡å‡†å·®=1.8621
2025-11-17 02:17:41,564 - INFO - å‚æ•° model.0.bn.bias: å½¢çŠ¶=torch.Size([16]), å‡å€¼=0.2485, æ ‡å‡†å·®=4.1718
2025-11-17 02:17:41,565 - INFO - å‚æ•° model.1.conv.weight: å½¢çŠ¶=torch.Size([32, 16, 3, 3]), å‡å€¼=-0.0001, æ ‡å‡†å·®=0.0630
2025-11-17 02:17:41,565 - INFO - å‚æ•° model.1.bn.weight: å½¢çŠ¶=torch.Size([32]), å‡å€¼=5.0170, æ ‡å‡†å·®=1.1208
2025-11-17 02:17:41,566 - INFO - æ•°æ®é›†è·¯å¾„: D:\My_project\yolov8-train-last\dataset\data.yaml
2025-11-17 02:17:41,566 - INFO - ç±»åˆ«æ˜ å°„: {'windows': 0, 'bolibei': 1, 'bottle': 2, 'cloth': 3, 'computer': 4, 'cpu': 5, 'cup': 6, 'dianxian': 7, 'milk': 8, 'mouse': 9, 'pen': 10}
2025-11-17 02:17:41,566 - INFO - è®­ç»ƒå‚æ•°: epochs=150, batch=8, imgsz=640, lr0=0.001
2025-11-17 02:17:41,567 - INFO - å¼€å§‹æ¨¡å‹è®­ç»ƒ...
2025-11-17 02:17:41,886 - ERROR - è®­ç»ƒè¿‡ç¨‹ä¸­å‘ç”Ÿé”™è¯¯: '[31m[1mcallbacks[0m' is not a valid YOLO argument. 

    Arguments received: ['yolo']. Ultralytics 'yolo' commands use the following syntax:

        yolo TASK MODE ARGS

        Where   TASK (optional) is one of ('detect', 'segment', 'classify', 'pose', 'obb')
                MODE (required) is one of ('train', 'val', 'predict', 'export', 'track', 'benchmark')
                ARGS (optional) are any number of custom 'arg=value' pairs like 'imgsz=320' that override defaults.
                    See all ARGS at https://docs.ultralytics.com/usage/cfg or with 'yolo cfg'

    1. Train a detection model for 10 epochs with an initial learning_rate of 0.01
        yolo train data=coco128.yaml model=yolov8n.pt epochs=10 lr0=0.01

    2. Predict a YouTube video using a pretrained segmentation model at image size 320:
        yolo predict model=yolov8n-seg.pt source='https://youtu.be/LNwODJXcvt4' imgsz=320

    3. Val a pretrained detection model at batch-size 1 and image size 640:
        yolo val model=yolov8n.pt data=coco128.yaml batch=1 imgsz=640

    4. Export a YOLOv8n classification model to ONNX format at image size 224 by 128 (no TASK required)
        yolo export model=yolov8n-cls.pt format=onnx imgsz=224,128

    6. Explore your datasets using semantic search and SQL with a simple GUI powered by Ultralytics Explorer API
        yolo explorer

    5. Run special commands:
        yolo help
        yolo checks
        yolo version
        yolo settings
        yolo copy-cfg
        yolo cfg

    Docs: https://docs.ultralytics.com
    Community: https://community.ultralytics.com
    GitHub: https://github.com/ultralytics/ultralytics
    
