2025-11-17 21:53:16,923 - INFO - YOLOv8训练任务开始
2025-11-17 21:53:16,927 - INFO - 训练任务名称: 11.17_21.53
2025-11-17 21:53:16,927 - INFO - 使用设备: cuda:0
2025-11-17 21:53:16,928 - INFO - 选择模型: D:\My_project\yolov8-train-last\yolov8n.pt
2025-11-17 21:53:16,929 - INFO - 已删除旧的标签缓存文件: D:\My_project\yolov8-train-last\dataset\train\labels.cache
2025-11-17 21:53:16,930 - INFO - 已删除旧的标签缓存文件: D:\My_project\yolov8-train-last\dataset\valid\labels.cache
2025-11-17 21:53:16,942 - INFO - 验证缓存文件删除情况:
2025-11-17 21:53:16,943 - INFO - 确认: 缓存文件已删除 D:\My_project\yolov8-train-last\dataset\train\labels.cache
2025-11-17 21:53:16,943 - INFO - 确认: 缓存文件已删除 D:\My_project\yolov8-train-last\dataset\valid\labels.cache
2025-11-17 21:53:16,944 - INFO - 确认: 缓存文件已删除 D:\My_project\yolov8-train-last\dataset\test\labels.cache
2025-11-17 21:53:16,945 - INFO - 正在加载YOLO模型: D:\My_project\yolov8-train-last\yolov8n.pt
2025-11-17 21:53:17,054 - INFO - YOLO模型加载完成
2025-11-17 21:53:17,056 - INFO - 模型类型: <class 'ultralytics.nn.tasks.DetectionModel'>
2025-11-17 21:53:17,058 - INFO - 模型设备: cpu
2025-11-17 21:53:17,059 - INFO - 模型类别数: 80
2025-11-17 21:53:17,081 - INFO - 参数 model.0.conv.weight: 形状=torch.Size([16, 3, 3, 3]), 均值=-0.0028, 标准差=0.1523
2025-11-17 21:53:17,082 - INFO - 参数 model.0.bn.weight: 形状=torch.Size([16]), 均值=2.9722, 标准差=1.8621
2025-11-17 21:53:17,082 - INFO - 参数 model.0.bn.bias: 形状=torch.Size([16]), 均值=0.2485, 标准差=4.1718
2025-11-17 21:53:17,084 - INFO - 参数 model.1.conv.weight: 形状=torch.Size([32, 16, 3, 3]), 均值=-0.0001, 标准差=0.0630
2025-11-17 21:53:17,084 - INFO - 参数 model.1.bn.weight: 形状=torch.Size([32]), 均值=5.0170, 标准差=1.1208
2025-11-17 21:53:17,086 - INFO - 数据集路径: D:\My_project\yolov8-train-last\dataset\data.yaml
2025-11-17 21:53:17,087 - INFO - 类别映射: {'windows': 0, 'bolibei': 1, 'bottle': 2, 'cloth': 3, 'computer': 4, 'cpu': 5, 'cup': 6, 'dianxian': 7, 'milk': 8, 'mouse': 9, 'pen': 10}
2025-11-17 21:53:17,087 - INFO - 训练参数: epochs=50, batch=8, imgsz=640, lr0=0.0001
2025-11-17 21:53:17,088 - INFO - 开始模型训练...
2025-11-17 21:55:17,422 - INFO - 模型训练完成
2025-11-17 21:55:17,422 - INFO - 开始模型评估...
2025-11-17 21:55:27,586 - INFO - 模型评估完成
2025-11-17 21:55:27,587 - INFO - 模型文件已从best.pt重命名为11.17_21.53.pt
2025-11-17 21:55:27,596 - INFO - 模型文件已复制到models文件夹: D:\My_project\yolov8-train-last\models\11.17_21.53.pt
2025-11-17 21:55:27,602 - INFO - 训练结果: 成功
2025-11-17 21:55:27,603 - INFO - 最佳模型路径: D:\My_project\yolov8-train-last\models\11.17_21.53.pt
